<?xml version="1.0" encoding="UTF-8"?>
<testng-results ignored="0" total="1" passed="1" failed="0" skipped="0">
  <reporter-output>
  </reporter-output>
  <suite started-at="2024-07-07T16:11:09 IST" name="Default suite" finished-at="2024-07-07T16:11:20 IST" duration-ms="11204">
    <groups>
    </groups>
    <test started-at="2024-07-07T16:11:09 IST" name="Default test" finished-at="2024-07-07T16:11:20 IST" duration-ms="11204">
      <class name="TestNGAnnotation.Demo">
        <test-method signature="samplecode()[pri:0, instance:TestNGAnnotation.Demo@1f2586d6]" started-at="2024-07-07T16:11:09 IST" name="samplecode" finished-at="2024-07-07T16:11:20 IST" duration-ms="11144" status="PASS">
          <reporter-output>
          </reporter-output>
        </test-method> <!-- samplecode -->
      </class> <!-- TestNGAnnotation.Demo -->
    </test> <!-- Default test -->
  </suite> <!-- Default suite -->
</testng-results>
